<?xml version="1.0" encoding="UTF-8"?>
<!-- Generated by org.testng.reporters.JUnitReportReporter -->
<testsuite skipped="16" hostname="MONO-HYD-LAP-41" name="com.amc.testclasses.RLTestCasesForMusicPerformance" tests="17" failures="0" timestamp="09 May 2019 13:11:37 GMT" time="0.000" errors="1">
  <testcase name="validateTRTForMusicPerformance" time="0.000" classname="com.amc.testclasses.RLTestCasesForMusicPerformance">
    <skipped/>
  </testcase> <!-- validateTRTForMusicPerformance -->
  <testcase name="validateProductionModeForMusicPerformance" time="0.000" classname="com.amc.testclasses.RLTestCasesForMusicPerformance">
    <skipped/>
  </testcase> <!-- validateProductionModeForMusicPerformance -->
  <testcase name="validateAMCNIDForMusicPerformance" time="0.000" classname="com.amc.testclasses.RLTestCasesForMusicPerformance">
    <skipped/>
  </testcase> <!-- validateAMCNIDForMusicPerformance -->
  <testcase name="validateReleaseYearForMusicPerformance" time="0.000" classname="com.amc.testclasses.RLTestCasesForMusicPerformance">
    <skipped/>
  </testcase> <!-- validateReleaseYearForMusicPerformance -->
  <testcase name="validateAlternativeTitleForLegalForMusicPerformance" time="0.000" classname="com.amc.testclasses.RLTestCasesForMusicPerformance">
    <skipped/>
  </testcase> <!-- validateAlternativeTitleForLegalForMusicPerformance -->
  <testcase name="validateAlternativeTitleTypeForAKAForMusicPerformance" time="0.000" classname="com.amc.testclasses.RLTestCasesForMusicPerformance">
    <skipped/>
  </testcase> <!-- validateAlternativeTitleTypeForAKAForMusicPerformance -->
  <testcase name="validateAlternativeTitleTypeForLegalTypeForMusicPerformance" time="0.000" classname="com.amc.testclasses.RLTestCasesForMusicPerformance">
    <skipped/>
  </testcase> <!-- validateAlternativeTitleTypeForLegalTypeForMusicPerformance -->
  <testcase name="validateAssetTitleForMusicPerformance" time="0.000" classname="com.amc.testclasses.RLTestCasesForMusicPerformance">
    <skipped/>
  </testcase> <!-- validateAssetTitleForMusicPerformance -->
  <testcase name="validateFirstNameOfCastMemberForMusicPerformance" time="0.000" classname="com.amc.testclasses.RLTestCasesForMusicPerformance">
    <skipped/>
  </testcase> <!-- validateFirstNameOfCastMemberForMusicPerformance -->
  <testcase name="validateTitleTypeForMusicPerformance" time="0.000" classname="com.amc.testclasses.RLTestCasesForMusicPerformance">
    <skipped/>
  </testcase> <!-- validateTitleTypeForMusicPerformance -->
  <testcase name="validateAlternativeTitleForAKAForMusicPerformance" time="0.000" classname="com.amc.testclasses.RLTestCasesForMusicPerformance">
    <skipped/>
  </testcase> <!-- validateAlternativeTitleForAKAForMusicPerformance -->
  <testcase name="validateAssetShowTypeForMusicPerformance" time="0.000" classname="com.amc.testclasses.RLTestCasesForMusicPerformance">
    <skipped/>
  </testcase> <!-- validateAssetShowTypeForMusicPerformance -->
  <testcase name="validateCastTypeForMusicPerformance" time="0.000" classname="com.amc.testclasses.RLTestCasesForMusicPerformance">
    <skipped/>
  </testcase> <!-- validateCastTypeForMusicPerformance -->
  <testcase name="validateOriginForMusicPerformance" time="0.000" classname="com.amc.testclasses.RLTestCasesForMusicPerformance">
    <skipped/>
  </testcase> <!-- validateOriginForMusicPerformance -->
  <testcase name="executeAPI" time="0.000" classname="com.amc.testclasses.RLTestCasesForMusicPerformance">
    <error type="java.lang.NullPointerException">
      <![CDATA[java.lang.NullPointerException
at com.amc.baseclass.AMCBaseClass.executeAPI(AMCBaseClass.java:175)
at sun.reflect.NativeMethodAccessorImpl.invoke0(Native Method)
at sun.reflect.NativeMethodAccessorImpl.invoke(NativeMethodAccessorImpl.java:62)
at sun.reflect.DelegatingMethodAccessorImpl.invoke(DelegatingMethodAccessorImpl.java:43)
at java.lang.reflect.Method.invoke(Method.java:498)
at org.testng.internal.MethodInvocationHelper.invokeMethod(MethodInvocationHelper.java:124)
at org.testng.internal.MethodInvocationHelper.invokeMethodConsideringTimeout(MethodInvocationHelper.java:59)
at org.testng.internal.Invoker.invokeConfigurationMethod(Invoker.java:458)
at org.testng.internal.Invoker.invokeConfigurations(Invoker.java:222)
at org.testng.internal.Invoker.invokeConfigurations(Invoker.java:142)
at org.testng.TestRunner.beforeRun(TestRunner.java:529)
at org.testng.TestRunner.run(TestRunner.java:497)
at org.testng.SuiteRunner.runTest(SuiteRunner.java:455)
at org.testng.SuiteRunner.runSequentially(SuiteRunner.java:450)
at org.testng.SuiteRunner.privateRun(SuiteRunner.java:415)
at org.testng.SuiteRunner.run(SuiteRunner.java:364)
at org.testng.SuiteRunnerWorker.runSuite(SuiteRunnerWorker.java:52)
at org.testng.SuiteRunnerWorker.run(SuiteRunnerWorker.java:84)
at org.testng.TestNG.runSuitesSequentially(TestNG.java:1208)
at org.testng.TestNG.runSuitesLocally(TestNG.java:1137)
at org.testng.TestNG.runSuites(TestNG.java:1049)
at org.testng.TestNG.run(TestNG.java:1017)
at org.apache.maven.surefire.testng.TestNGExecutor.run(TestNGExecutor.java:178)
at org.apache.maven.surefire.testng.TestNGXmlTestSuite.execute(TestNGXmlTestSuite.java:92)
at org.apache.maven.surefire.testng.TestNGProvider.invoke(TestNGProvider.java:96)
at sun.reflect.NativeMethodAccessorImpl.invoke0(Native Method)
at sun.reflect.NativeMethodAccessorImpl.invoke(NativeMethodAccessorImpl.java:62)
at sun.reflect.DelegatingMethodAccessorImpl.invoke(DelegatingMethodAccessorImpl.java:43)
at java.lang.reflect.Method.invoke(Method.java:498)
at org.apache.maven.surefire.util.ReflectionUtils.invokeMethodWithArray2(ReflectionUtils.java:208)
at org.apache.maven.surefire.booter.ProviderFactory$ProviderProxy.invoke(ProviderFactory.java:159)
at org.apache.maven.surefire.booter.ProviderFactory.invokeProvider(ProviderFactory.java:87)
at org.apache.maven.surefire.booter.ForkedBooter.runSuitesInProcess(ForkedBooter.java:153)
at org.apache.maven.surefire.booter.ForkedBooter.main(ForkedBooter.java:95)
]]>
    </error>
  </testcase> <!-- executeAPI -->
  <testcase name="validateAssetSourceForMusicPerformance" time="0.000" classname="com.amc.testclasses.RLTestCasesForMusicPerformance">
    <skipped/>
  </testcase> <!-- validateAssetSourceForMusicPerformance -->
  <testcase name="validateProductionCompanyForMusicPerformance" time="0.000" classname="com.amc.testclasses.RLTestCasesForMusicPerformance">
    <skipped/>
  </testcase> <!-- validateProductionCompanyForMusicPerformance -->
</testsuite> <!-- com.amc.testclasses.RLTestCasesForMusicPerformance -->
