<?xml version="1.0" encoding="UTF-8"?>
<!-- Generated by org.testng.reporters.JUnitReportReporter -->
<testsuite skipped="16" hostname="MONO-HYD-LAP-41" name="com.amc.testclasses.RLTestCasesForFeatureLength" tests="17" failures="0" timestamp="09 May 2019 13:11:37 GMT" time="0.000" errors="1">
  <testcase name="validateAssetShowTypeForFeatureLength" time="0.000" classname="com.amc.testclasses.RLTestCasesForFeatureLength">
    <skipped/>
  </testcase> <!-- validateAssetShowTypeForFeatureLength -->
  <testcase name="validateFirstNameOfCastMemberForFeatureLength" time="0.000" classname="com.amc.testclasses.RLTestCasesForFeatureLength">
    <skipped/>
  </testcase> <!-- validateFirstNameOfCastMemberForFeatureLength -->
  <testcase name="validateTitleTypeForFeatureLength" time="0.000" classname="com.amc.testclasses.RLTestCasesForFeatureLength">
    <skipped/>
  </testcase> <!-- validateTitleTypeForFeatureLength -->
  <testcase name="validateAlternativeTitleForLegalForFeatureLength" time="0.000" classname="com.amc.testclasses.RLTestCasesForFeatureLength">
    <skipped/>
  </testcase> <!-- validateAlternativeTitleForLegalForFeatureLength -->
  <testcase name="validateProductionCompanyForFeatureLength" time="0.000" classname="com.amc.testclasses.RLTestCasesForFeatureLength">
    <skipped/>
  </testcase> <!-- validateProductionCompanyForFeatureLength -->
  <testcase name="validateAlternativeTitleTypeForLegalTypeForFeatureLength" time="0.000" classname="com.amc.testclasses.RLTestCasesForFeatureLength">
    <skipped/>
  </testcase> <!-- validateAlternativeTitleTypeForLegalTypeForFeatureLength -->
  <testcase name="executeAPI" time="0.000" classname="com.amc.testclasses.RLTestCasesForFeatureLength">
    <error type="java.lang.NullPointerException">
      <![CDATA[java.lang.NullPointerException
at com.amc.baseclass.AMCBaseClass.executeAPI(AMCBaseClass.java:175)
at sun.reflect.NativeMethodAccessorImpl.invoke0(Native Method)
at sun.reflect.NativeMethodAccessorImpl.invoke(NativeMethodAccessorImpl.java:62)
at sun.reflect.DelegatingMethodAccessorImpl.invoke(DelegatingMethodAccessorImpl.java:43)
at java.lang.reflect.Method.invoke(Method.java:498)
at org.testng.internal.MethodInvocationHelper.invokeMethod(MethodInvocationHelper.java:124)
at org.testng.internal.MethodInvocationHelper.invokeMethodConsideringTimeout(MethodInvocationHelper.java:59)
at org.testng.internal.Invoker.invokeConfigurationMethod(Invoker.java:458)
at org.testng.internal.Invoker.invokeConfigurations(Invoker.java:222)
at org.testng.internal.Invoker.invokeConfigurations(Invoker.java:142)
at org.testng.TestRunner.beforeRun(TestRunner.java:529)
at org.testng.TestRunner.run(TestRunner.java:497)
at org.testng.SuiteRunner.runTest(SuiteRunner.java:455)
at org.testng.SuiteRunner.runSequentially(SuiteRunner.java:450)
at org.testng.SuiteRunner.privateRun(SuiteRunner.java:415)
at org.testng.SuiteRunner.run(SuiteRunner.java:364)
at org.testng.SuiteRunnerWorker.runSuite(SuiteRunnerWorker.java:52)
at org.testng.SuiteRunnerWorker.run(SuiteRunnerWorker.java:84)
at org.testng.TestNG.runSuitesSequentially(TestNG.java:1208)
at org.testng.TestNG.runSuitesLocally(TestNG.java:1137)
at org.testng.TestNG.runSuites(TestNG.java:1049)
at org.testng.TestNG.run(TestNG.java:1017)
at org.apache.maven.surefire.testng.TestNGExecutor.run(TestNGExecutor.java:178)
at org.apache.maven.surefire.testng.TestNGXmlTestSuite.execute(TestNGXmlTestSuite.java:92)
at org.apache.maven.surefire.testng.TestNGProvider.invoke(TestNGProvider.java:96)
at sun.reflect.NativeMethodAccessorImpl.invoke0(Native Method)
at sun.reflect.NativeMethodAccessorImpl.invoke(NativeMethodAccessorImpl.java:62)
at sun.reflect.DelegatingMethodAccessorImpl.invoke(DelegatingMethodAccessorImpl.java:43)
at java.lang.reflect.Method.invoke(Method.java:498)
at org.apache.maven.surefire.util.ReflectionUtils.invokeMethodWithArray2(ReflectionUtils.java:208)
at org.apache.maven.surefire.booter.ProviderFactory$ProviderProxy.invoke(ProviderFactory.java:159)
at org.apache.maven.surefire.booter.ProviderFactory.invokeProvider(ProviderFactory.java:87)
at org.apache.maven.surefire.booter.ForkedBooter.runSuitesInProcess(ForkedBooter.java:153)
at org.apache.maven.surefire.booter.ForkedBooter.main(ForkedBooter.java:95)
]]>
    </error>
  </testcase> <!-- executeAPI -->
  <testcase name="validateAssetSourceForFeatureLength" time="0.000" classname="com.amc.testclasses.RLTestCasesForFeatureLength">
    <skipped/>
  </testcase> <!-- validateAssetSourceForFeatureLength -->
  <testcase name="validateAMCNIDForFeatureLength" time="0.000" classname="com.amc.testclasses.RLTestCasesForFeatureLength">
    <skipped/>
  </testcase> <!-- validateAMCNIDForFeatureLength -->
  <testcase name="validateAssetTitleForFeatureLength" time="0.000" classname="com.amc.testclasses.RLTestCasesForFeatureLength">
    <skipped/>
  </testcase> <!-- validateAssetTitleForFeatureLength -->
  <testcase name="validateReleaseYearForFeatureLength" time="0.000" classname="com.amc.testclasses.RLTestCasesForFeatureLength">
    <skipped/>
  </testcase> <!-- validateReleaseYearForFeatureLength -->
  <testcase name="validateProductionModeForFeatureLength" time="0.000" classname="com.amc.testclasses.RLTestCasesForFeatureLength">
    <skipped/>
  </testcase> <!-- validateProductionModeForFeatureLength -->
  <testcase name="validateTRTForFeatureLength" time="0.000" classname="com.amc.testclasses.RLTestCasesForFeatureLength">
    <skipped/>
  </testcase> <!-- validateTRTForFeatureLength -->
  <testcase name="validateCastTypeForFeatureLength" time="0.000" classname="com.amc.testclasses.RLTestCasesForFeatureLength">
    <skipped/>
  </testcase> <!-- validateCastTypeForFeatureLength -->
  <testcase name="validateAlternativeTitleTypeForAKAForFeatureLength" time="0.000" classname="com.amc.testclasses.RLTestCasesForFeatureLength">
    <skipped/>
  </testcase> <!-- validateAlternativeTitleTypeForAKAForFeatureLength -->
  <testcase name="validateOriginForFeatureLength" time="0.000" classname="com.amc.testclasses.RLTestCasesForFeatureLength">
    <skipped/>
  </testcase> <!-- validateOriginForFeatureLength -->
  <testcase name="validateAlternativeTitleForAKAForFeatureLength" time="0.000" classname="com.amc.testclasses.RLTestCasesForFeatureLength">
    <skipped/>
  </testcase> <!-- validateAlternativeTitleForAKAForFeatureLength -->
</testsuite> <!-- com.amc.testclasses.RLTestCasesForFeatureLength -->
