<?xml version="1.0" encoding="UTF-8"?>
<!-- Generated by org.testng.reporters.JUnitReportReporter -->
<testsuite skipped="0" hostname="MONO-HYD-LAP-41" name="com.amc.testclasses.RLTestCasesForSeries" tests="15" failures="0" timestamp="16 May 2019 09:00:54 GMT" time="0.667" errors="0">
  <testcase name="validateAlternativeTitleForAKA" time="0.045" classname="com.amc.testclasses.RLTestCasesForSeries"/>
  <testcase name="validateAssetTitle" time="0.028" classname="com.amc.testclasses.RLTestCasesForSeries"/>
  <testcase name="validateAlternativeTitleTypeForLegalType" time="0.037" classname="com.amc.testclasses.RLTestCasesForSeries"/>
  <testcase name="validateTitleType" time="0.029" classname="com.amc.testclasses.RLTestCasesForSeries"/>
  <testcase name="validateCastType" time="0.036" classname="com.amc.testclasses.RLTestCasesForSeries"/>
  <testcase name="validateOwnerNetwork" time="0.031" classname="com.amc.testclasses.RLTestCasesForSeries"/>
  <testcase name="validateAlternativeTitleForLegal" time="0.050" classname="com.amc.testclasses.RLTestCasesForSeries"/>
  <testcase name="validateAssetSource" time="0.041" classname="com.amc.testclasses.RLTestCasesForSeries"/>
  <testcase name="validateFirstNameOfCastMember" time="0.050" classname="com.amc.testclasses.RLTestCasesForSeries"/>
  <testcase name="validateOrigin" time="0.024" classname="com.amc.testclasses.RLTestCasesForSeries"/>
  <testcase name="validateAMCNID" time="0.059" classname="com.amc.testclasses.RLTestCasesForSeries"/>
  <testcase name="validateProductionMode" time="0.155" classname="com.amc.testclasses.RLTestCasesForSeries"/>
  <testcase name="validateTotalNumberOfEpisodes" time="0.024" classname="com.amc.testclasses.RLTestCasesForSeries"/>
  <testcase name="validateAlternativeTitleTypeForAKA" time="0.026" classname="com.amc.testclasses.RLTestCasesForSeries"/>
  <testcase name="validateAssetShowType" time="0.032" classname="com.amc.testclasses.RLTestCasesForSeries"/>
</testsuite> <!-- com.amc.testclasses.RLTestCasesForSeries -->
