<?xml version="1.0" encoding="UTF-8"?>
<!-- Generated by org.testng.reporters.JUnitReportReporter -->
<testsuite skipped="16" hostname="MONO-HYD-LAP-41" name="com.amc.testclasses.RLTestCasesForDemo" tests="17" failures="0" timestamp="09 May 2019 13:11:37 GMT" time="0.004" errors="1">
  <testcase name="validateReleaseYearForDemo" time="0.000" classname="com.amc.testclasses.RLTestCasesForDemo">
    <skipped/>
  </testcase> <!-- validateReleaseYearForDemo -->
  <testcase name="validateFirstNameOfCastMemberForDemo" time="0.000" classname="com.amc.testclasses.RLTestCasesForDemo">
    <skipped/>
  </testcase> <!-- validateFirstNameOfCastMemberForDemo -->
  <testcase name="validateAlternativeTitleTypeForAKAForDemo" time="0.000" classname="com.amc.testclasses.RLTestCasesForDemo">
    <skipped/>
  </testcase> <!-- validateAlternativeTitleTypeForAKAForDemo -->
  <testcase name="validateTitleTypeForDemo" time="0.000" classname="com.amc.testclasses.RLTestCasesForDemo">
    <skipped/>
  </testcase> <!-- validateTitleTypeForDemo -->
  <testcase name="validateAlternativeTitleForLegalForDemo" time="0.000" classname="com.amc.testclasses.RLTestCasesForDemo">
    <skipped/>
  </testcase> <!-- validateAlternativeTitleForLegalForDemo -->
  <testcase name="validateProductionCompanyForDemo" time="0.000" classname="com.amc.testclasses.RLTestCasesForDemo">
    <skipped/>
  </testcase> <!-- validateProductionCompanyForDemo -->
  <testcase name="validateAssetShowTypeForDemo" time="0.000" classname="com.amc.testclasses.RLTestCasesForDemo">
    <skipped/>
  </testcase> <!-- validateAssetShowTypeForDemo -->
  <testcase name="validateOriginForDemo" time="0.000" classname="com.amc.testclasses.RLTestCasesForDemo">
    <skipped/>
  </testcase> <!-- validateOriginForDemo -->
  <testcase name="validateAMCNIDForDemo" time="0.000" classname="com.amc.testclasses.RLTestCasesForDemo">
    <skipped/>
  </testcase> <!-- validateAMCNIDForDemo -->
  <testcase name="validateAssetSourceForDemo" time="0.000" classname="com.amc.testclasses.RLTestCasesForDemo">
    <skipped/>
  </testcase> <!-- validateAssetSourceForDemo -->
  <testcase name="validateAssetTitleForDemo" time="0.000" classname="com.amc.testclasses.RLTestCasesForDemo">
    <skipped/>
  </testcase> <!-- validateAssetTitleForDemo -->
  <testcase name="validateProductionModeForDemo" time="0.000" classname="com.amc.testclasses.RLTestCasesForDemo">
    <skipped/>
  </testcase> <!-- validateProductionModeForDemo -->
  <testcase name="validateAlternativeTitleTypeForLegalTypeForDemo" time="0.000" classname="com.amc.testclasses.RLTestCasesForDemo">
    <skipped/>
  </testcase> <!-- validateAlternativeTitleTypeForLegalTypeForDemo -->
  <testcase name="executeAPI" time="0.004" classname="com.amc.testclasses.RLTestCasesForDemo">
    <error type="java.lang.NullPointerException">
      <![CDATA[java.lang.NullPointerException
at com.amc.baseclass.AMCBaseClass.executeAPI(AMCBaseClass.java:175)
at sun.reflect.NativeMethodAccessorImpl.invoke0(Native Method)
at sun.reflect.NativeMethodAccessorImpl.invoke(NativeMethodAccessorImpl.java:62)
at sun.reflect.DelegatingMethodAccessorImpl.invoke(DelegatingMethodAccessorImpl.java:43)
at java.lang.reflect.Method.invoke(Method.java:498)
at org.testng.internal.MethodInvocationHelper.invokeMethod(MethodInvocationHelper.java:124)
at org.testng.internal.MethodInvocationHelper.invokeMethodConsideringTimeout(MethodInvocationHelper.java:59)
at org.testng.internal.Invoker.invokeConfigurationMethod(Invoker.java:458)
at org.testng.internal.Invoker.invokeConfigurations(Invoker.java:222)
at org.testng.internal.Invoker.invokeConfigurations(Invoker.java:142)
at org.testng.TestRunner.beforeRun(TestRunner.java:529)
at org.testng.TestRunner.run(TestRunner.java:497)
at org.testng.SuiteRunner.runTest(SuiteRunner.java:455)
at org.testng.SuiteRunner.runSequentially(SuiteRunner.java:450)
at org.testng.SuiteRunner.privateRun(SuiteRunner.java:415)
at org.testng.SuiteRunner.run(SuiteRunner.java:364)
at org.testng.SuiteRunnerWorker.runSuite(SuiteRunnerWorker.java:52)
at org.testng.SuiteRunnerWorker.run(SuiteRunnerWorker.java:84)
at org.testng.TestNG.runSuitesSequentially(TestNG.java:1208)
at org.testng.TestNG.runSuitesLocally(TestNG.java:1137)
at org.testng.TestNG.runSuites(TestNG.java:1049)
at org.testng.TestNG.run(TestNG.java:1017)
at org.apache.maven.surefire.testng.TestNGExecutor.run(TestNGExecutor.java:178)
at org.apache.maven.surefire.testng.TestNGXmlTestSuite.execute(TestNGXmlTestSuite.java:92)
at org.apache.maven.surefire.testng.TestNGProvider.invoke(TestNGProvider.java:96)
at sun.reflect.NativeMethodAccessorImpl.invoke0(Native Method)
at sun.reflect.NativeMethodAccessorImpl.invoke(NativeMethodAccessorImpl.java:62)
at sun.reflect.DelegatingMethodAccessorImpl.invoke(DelegatingMethodAccessorImpl.java:43)
at java.lang.reflect.Method.invoke(Method.java:498)
at org.apache.maven.surefire.util.ReflectionUtils.invokeMethodWithArray2(ReflectionUtils.java:208)
at org.apache.maven.surefire.booter.ProviderFactory$ProviderProxy.invoke(ProviderFactory.java:159)
at org.apache.maven.surefire.booter.ProviderFactory.invokeProvider(ProviderFactory.java:87)
at org.apache.maven.surefire.booter.ForkedBooter.runSuitesInProcess(ForkedBooter.java:153)
at org.apache.maven.surefire.booter.ForkedBooter.main(ForkedBooter.java:95)
]]>
    </error>
  </testcase> <!-- executeAPI -->
  <testcase name="validateAlternativeTitleForAKAForDemo" time="0.000" classname="com.amc.testclasses.RLTestCasesForDemo">
    <skipped/>
  </testcase> <!-- validateAlternativeTitleForAKAForDemo -->
  <testcase name="validateCastTypeForDemo" time="0.000" classname="com.amc.testclasses.RLTestCasesForDemo">
    <skipped/>
  </testcase> <!-- validateCastTypeForDemo -->
  <testcase name="validateTRTForDemo" time="0.000" classname="com.amc.testclasses.RLTestCasesForDemo">
    <skipped/>
  </testcase> <!-- validateTRTForDemo -->
</testsuite> <!-- com.amc.testclasses.RLTestCasesForDemo -->
