<?xml version="1.0" encoding="UTF-8"?>
<!-- Generated by org.testng.reporters.JUnitReportReporter -->
<testsuite skipped="16" hostname="MONO-HYD-LAP-41" name="com.amc.testclasses.RLTestCasesForPilot" tests="17" failures="0" timestamp="09 May 2019 13:11:37 GMT" time="0.000" errors="1">
  <testcase name="validateAlternativeTitleTypeForAKAForPilot" time="0.000" classname="com.amc.testclasses.RLTestCasesForPilot">
    <skipped/>
  </testcase> <!-- validateAlternativeTitleTypeForAKAForPilot -->
  <testcase name="validateAssetShowTypeForPilot" time="0.000" classname="com.amc.testclasses.RLTestCasesForPilot">
    <skipped/>
  </testcase> <!-- validateAssetShowTypeForPilot -->
  <testcase name="validateCastTypeForPilot" time="0.000" classname="com.amc.testclasses.RLTestCasesForPilot">
    <skipped/>
  </testcase> <!-- validateCastTypeForPilot -->
  <testcase name="validateFirstNameOfCastMemberForPilot" time="0.000" classname="com.amc.testclasses.RLTestCasesForPilot">
    <skipped/>
  </testcase> <!-- validateFirstNameOfCastMemberForPilot -->
  <testcase name="validateAlternativeTitleForLegalForPilot" time="0.000" classname="com.amc.testclasses.RLTestCasesForPilot">
    <skipped/>
  </testcase> <!-- validateAlternativeTitleForLegalForPilot -->
  <testcase name="validateAssetSourceForPilot" time="0.000" classname="com.amc.testclasses.RLTestCasesForPilot">
    <skipped/>
  </testcase> <!-- validateAssetSourceForPilot -->
  <testcase name="validateTitleTypeForPilot" time="0.000" classname="com.amc.testclasses.RLTestCasesForPilot">
    <skipped/>
  </testcase> <!-- validateTitleTypeForPilot -->
  <testcase name="validateTRTForPilot" time="0.000" classname="com.amc.testclasses.RLTestCasesForPilot">
    <skipped/>
  </testcase> <!-- validateTRTForPilot -->
  <testcase name="validateAlternativeTitleTypeForLegalTypeForPilot" time="0.000" classname="com.amc.testclasses.RLTestCasesForPilot">
    <skipped/>
  </testcase> <!-- validateAlternativeTitleTypeForLegalTypeForPilot -->
  <testcase name="validateAssetTitleForPilot" time="0.000" classname="com.amc.testclasses.RLTestCasesForPilot">
    <skipped/>
  </testcase> <!-- validateAssetTitleForPilot -->
  <testcase name="validateAMCNIDForPilot" time="0.000" classname="com.amc.testclasses.RLTestCasesForPilot">
    <skipped/>
  </testcase> <!-- validateAMCNIDForPilot -->
  <testcase name="validateProductionModeForPilot" time="0.000" classname="com.amc.testclasses.RLTestCasesForPilot">
    <skipped/>
  </testcase> <!-- validateProductionModeForPilot -->
  <testcase name="validateProductionCompanyForPilot" time="0.000" classname="com.amc.testclasses.RLTestCasesForPilot">
    <skipped/>
  </testcase> <!-- validateProductionCompanyForPilot -->
  <testcase name="executeAPI" time="0.000" classname="com.amc.testclasses.RLTestCasesForPilot">
    <error type="java.lang.NullPointerException">
      <![CDATA[java.lang.NullPointerException
at com.amc.baseclass.AMCBaseClass.executeAPI(AMCBaseClass.java:175)
at sun.reflect.NativeMethodAccessorImpl.invoke0(Native Method)
at sun.reflect.NativeMethodAccessorImpl.invoke(NativeMethodAccessorImpl.java:62)
at sun.reflect.DelegatingMethodAccessorImpl.invoke(DelegatingMethodAccessorImpl.java:43)
at java.lang.reflect.Method.invoke(Method.java:498)
at org.testng.internal.MethodInvocationHelper.invokeMethod(MethodInvocationHelper.java:124)
at org.testng.internal.MethodInvocationHelper.invokeMethodConsideringTimeout(MethodInvocationHelper.java:59)
at org.testng.internal.Invoker.invokeConfigurationMethod(Invoker.java:458)
at org.testng.internal.Invoker.invokeConfigurations(Invoker.java:222)
at org.testng.internal.Invoker.invokeConfigurations(Invoker.java:142)
at org.testng.TestRunner.beforeRun(TestRunner.java:529)
at org.testng.TestRunner.run(TestRunner.java:497)
at org.testng.SuiteRunner.runTest(SuiteRunner.java:455)
at org.testng.SuiteRunner.runSequentially(SuiteRunner.java:450)
at org.testng.SuiteRunner.privateRun(SuiteRunner.java:415)
at org.testng.SuiteRunner.run(SuiteRunner.java:364)
at org.testng.SuiteRunnerWorker.runSuite(SuiteRunnerWorker.java:52)
at org.testng.SuiteRunnerWorker.run(SuiteRunnerWorker.java:84)
at org.testng.TestNG.runSuitesSequentially(TestNG.java:1208)
at org.testng.TestNG.runSuitesLocally(TestNG.java:1137)
at org.testng.TestNG.runSuites(TestNG.java:1049)
at org.testng.TestNG.run(TestNG.java:1017)
at org.apache.maven.surefire.testng.TestNGExecutor.run(TestNGExecutor.java:178)
at org.apache.maven.surefire.testng.TestNGXmlTestSuite.execute(TestNGXmlTestSuite.java:92)
at org.apache.maven.surefire.testng.TestNGProvider.invoke(TestNGProvider.java:96)
at sun.reflect.NativeMethodAccessorImpl.invoke0(Native Method)
at sun.reflect.NativeMethodAccessorImpl.invoke(NativeMethodAccessorImpl.java:62)
at sun.reflect.DelegatingMethodAccessorImpl.invoke(DelegatingMethodAccessorImpl.java:43)
at java.lang.reflect.Method.invoke(Method.java:498)
at org.apache.maven.surefire.util.ReflectionUtils.invokeMethodWithArray2(ReflectionUtils.java:208)
at org.apache.maven.surefire.booter.ProviderFactory$ProviderProxy.invoke(ProviderFactory.java:159)
at org.apache.maven.surefire.booter.ProviderFactory.invokeProvider(ProviderFactory.java:87)
at org.apache.maven.surefire.booter.ForkedBooter.runSuitesInProcess(ForkedBooter.java:153)
at org.apache.maven.surefire.booter.ForkedBooter.main(ForkedBooter.java:95)
]]>
    </error>
  </testcase> <!-- executeAPI -->
  <testcase name="validateOriginForPilot" time="0.000" classname="com.amc.testclasses.RLTestCasesForPilot">
    <skipped/>
  </testcase> <!-- validateOriginForPilot -->
  <testcase name="validateReleaseYearForPilot" time="0.000" classname="com.amc.testclasses.RLTestCasesForPilot">
    <skipped/>
  </testcase> <!-- validateReleaseYearForPilot -->
  <testcase name="validateAlternativeTitleForAKAForPilot" time="0.000" classname="com.amc.testclasses.RLTestCasesForPilot">
    <skipped/>
  </testcase> <!-- validateAlternativeTitleForAKAForPilot -->
</testsuite> <!-- com.amc.testclasses.RLTestCasesForPilot -->
