<?xml version="1.0" encoding="UTF-8"?>
<!-- Generated by org.testng.reporters.JUnitReportReporter -->
<testsuite skipped="0" hostname="MONO-HYD-LAP-41" name="com.amc.testclasses.RLTestCasesForMusicPerformance" tests="16" failures="0" timestamp="16 May 2019 09:00:54 GMT" time="0.449" errors="1">
  <testcase name="validateAlternativeTitleTypeForAKAForMusicPerformance" time="0.025" classname="com.amc.testclasses.RLTestCasesForMusicPerformance"/>
  <testcase name="validateReleaseYearForMusicPerformance" time="0.030" classname="com.amc.testclasses.RLTestCasesForMusicPerformance"/>
  <testcase name="validateAMCNIDForMusicPerformance" time="0.050" classname="com.amc.testclasses.RLTestCasesForMusicPerformance"/>
  <testcase name="validateAlternativeTitleForLegalForMusicPerformance" time="0.023" classname="com.amc.testclasses.RLTestCasesForMusicPerformance"/>
  <testcase name="validateAlternativeTitleTypeForLegalTypeForMusicPerformance" time="0.024" classname="com.amc.testclasses.RLTestCasesForMusicPerformance"/>
  <testcase name="validateTRTForMusicPerformance" time="0.019" classname="com.amc.testclasses.RLTestCasesForMusicPerformance">
    <error type="org.json.JSONException" message="JSONObject[&quot;tdc:TITLE_CUST_field_83&quot;] not found.">
      <![CDATA[org.json.JSONException: JSONObject["tdc:TITLE_CUST_field_83"] not found.
at org.json.JSONObject.get(JSONObject.java:520)
at com.amc.pageobjects.ApiExecutionTypes.getValue(ApiExecutionTypes.java:473)
at com.amc.pageobjects.LoginModule.validateRLValuesWithMP(LoginModule.java:83)
at com.amc.testclasses.RLTestCasesForMusicPerformance.validateTRTForMusicPerformance(RLTestCasesForMusicPerformance.java:180)
at sun.reflect.NativeMethodAccessorImpl.invoke0(Native Method)
at sun.reflect.NativeMethodAccessorImpl.invoke(NativeMethodAccessorImpl.java:62)
at sun.reflect.DelegatingMethodAccessorImpl.invoke(DelegatingMethodAccessorImpl.java:43)
at java.lang.reflect.Method.invoke(Method.java:498)
at org.testng.internal.MethodInvocationHelper.invokeMethod(MethodInvocationHelper.java:124)
at org.testng.internal.Invoker.invokeMethod(Invoker.java:583)
at org.testng.internal.Invoker.invokeTestMethod(Invoker.java:719)
at org.testng.internal.Invoker.invokeTestMethods(Invoker.java:989)
at org.testng.internal.TestMethodWorker.invokeTestMethods(TestMethodWorker.java:125)
at org.testng.internal.TestMethodWorker.run(TestMethodWorker.java:109)
at java.util.concurrent.ThreadPoolExecutor.runWorker(ThreadPoolExecutor.java:1149)
at java.util.concurrent.ThreadPoolExecutor$Worker.run(ThreadPoolExecutor.java:624)
at java.lang.Thread.run(Thread.java:748)
]]>
    </error>
  </testcase> <!-- validateTRTForMusicPerformance -->
  <testcase name="validateFirstNameOfCastMemberForMusicPerformance" time="0.025" classname="com.amc.testclasses.RLTestCasesForMusicPerformance"/>
  <testcase name="validateOriginForMusicPerformance" time="0.021" classname="com.amc.testclasses.RLTestCasesForMusicPerformance"/>
  <testcase name="validateAssetShowTypeForMusicPerformance" time="0.026" classname="com.amc.testclasses.RLTestCasesForMusicPerformance"/>
  <testcase name="validateAssetSourceForMusicPerformance" time="0.026" classname="com.amc.testclasses.RLTestCasesForMusicPerformance"/>
  <testcase name="validateAssetTitleForMusicPerformance" time="0.023" classname="com.amc.testclasses.RLTestCasesForMusicPerformance"/>
  <testcase name="validateProductionModeForMusicPerformance" time="0.024" classname="com.amc.testclasses.RLTestCasesForMusicPerformance"/>
  <testcase name="validateTitleTypeForMusicPerformance" time="0.022" classname="com.amc.testclasses.RLTestCasesForMusicPerformance"/>
  <testcase name="validateCastTypeForMusicPerformance" time="0.020" classname="com.amc.testclasses.RLTestCasesForMusicPerformance"/>
  <testcase name="validateAlternativeTitleForAKAForMusicPerformance" time="0.062" classname="com.amc.testclasses.RLTestCasesForMusicPerformance"/>
  <testcase name="validateProductionCompanyForMusicPerformance" time="0.029" classname="com.amc.testclasses.RLTestCasesForMusicPerformance"/>
</testsuite> <!-- com.amc.testclasses.RLTestCasesForMusicPerformance -->
