<?xml version="1.0" encoding="UTF-8"?>
<!-- Generated by org.testng.reporters.JUnitReportReporter -->
<testsuite skipped="16" hostname="MONO-HYD-LAP-41" name="com.amc.testclasses.RLTestCasesForShortFilm" tests="17" failures="0" timestamp="09 May 2019 13:11:37 GMT" time="0.000" errors="1">
  <testcase name="validateAssetShowTypeForShortFilm" time="0.000" classname="com.amc.testclasses.RLTestCasesForShortFilm">
    <skipped/>
  </testcase> <!-- validateAssetShowTypeForShortFilm -->
  <testcase name="validateProductionModeForShortFilm" time="0.000" classname="com.amc.testclasses.RLTestCasesForShortFilm">
    <skipped/>
  </testcase> <!-- validateProductionModeForShortFilm -->
  <testcase name="validateAssetSourceForShortFilm" time="0.000" classname="com.amc.testclasses.RLTestCasesForShortFilm">
    <skipped/>
  </testcase> <!-- validateAssetSourceForShortFilm -->
  <testcase name="validateAssetTitleForShortFilm" time="0.000" classname="com.amc.testclasses.RLTestCasesForShortFilm">
    <skipped/>
  </testcase> <!-- validateAssetTitleForShortFilm -->
  <testcase name="validateCastTypeForShortFilm" time="0.000" classname="com.amc.testclasses.RLTestCasesForShortFilm">
    <skipped/>
  </testcase> <!-- validateCastTypeForShortFilm -->
  <testcase name="validateAlternativeTitleForAKAForShortFilm" time="0.000" classname="com.amc.testclasses.RLTestCasesForShortFilm">
    <skipped/>
  </testcase> <!-- validateAlternativeTitleForAKAForShortFilm -->
  <testcase name="validateProductionCompanyForShortFilm" time="0.000" classname="com.amc.testclasses.RLTestCasesForShortFilm">
    <skipped/>
  </testcase> <!-- validateProductionCompanyForShortFilm -->
  <testcase name="validateAlternativeTitleTypeForLegalTypeForShortFilm" time="0.000" classname="com.amc.testclasses.RLTestCasesForShortFilm">
    <skipped/>
  </testcase> <!-- validateAlternativeTitleTypeForLegalTypeForShortFilm -->
  <testcase name="validateOriginForShortFilm" time="0.000" classname="com.amc.testclasses.RLTestCasesForShortFilm">
    <skipped/>
  </testcase> <!-- validateOriginForShortFilm -->
  <testcase name="validateTRTForShortFilm" time="0.000" classname="com.amc.testclasses.RLTestCasesForShortFilm">
    <skipped/>
  </testcase> <!-- validateTRTForShortFilm -->
  <testcase name="validateAlternativeTitleTypeForAKAForShortFilm" time="0.000" classname="com.amc.testclasses.RLTestCasesForShortFilm">
    <skipped/>
  </testcase> <!-- validateAlternativeTitleTypeForAKAForShortFilm -->
  <testcase name="executeAPI" time="0.000" classname="com.amc.testclasses.RLTestCasesForShortFilm">
    <error type="java.lang.NullPointerException">
      <![CDATA[java.lang.NullPointerException
at com.amc.baseclass.AMCBaseClass.executeAPI(AMCBaseClass.java:175)
at sun.reflect.NativeMethodAccessorImpl.invoke0(Native Method)
at sun.reflect.NativeMethodAccessorImpl.invoke(NativeMethodAccessorImpl.java:62)
at sun.reflect.DelegatingMethodAccessorImpl.invoke(DelegatingMethodAccessorImpl.java:43)
at java.lang.reflect.Method.invoke(Method.java:498)
at org.testng.internal.MethodInvocationHelper.invokeMethod(MethodInvocationHelper.java:124)
at org.testng.internal.MethodInvocationHelper.invokeMethodConsideringTimeout(MethodInvocationHelper.java:59)
at org.testng.internal.Invoker.invokeConfigurationMethod(Invoker.java:458)
at org.testng.internal.Invoker.invokeConfigurations(Invoker.java:222)
at org.testng.internal.Invoker.invokeConfigurations(Invoker.java:142)
at org.testng.TestRunner.beforeRun(TestRunner.java:529)
at org.testng.TestRunner.run(TestRunner.java:497)
at org.testng.SuiteRunner.runTest(SuiteRunner.java:455)
at org.testng.SuiteRunner.runSequentially(SuiteRunner.java:450)
at org.testng.SuiteRunner.privateRun(SuiteRunner.java:415)
at org.testng.SuiteRunner.run(SuiteRunner.java:364)
at org.testng.SuiteRunnerWorker.runSuite(SuiteRunnerWorker.java:52)
at org.testng.SuiteRunnerWorker.run(SuiteRunnerWorker.java:84)
at org.testng.TestNG.runSuitesSequentially(TestNG.java:1208)
at org.testng.TestNG.runSuitesLocally(TestNG.java:1137)
at org.testng.TestNG.runSuites(TestNG.java:1049)
at org.testng.TestNG.run(TestNG.java:1017)
at org.apache.maven.surefire.testng.TestNGExecutor.run(TestNGExecutor.java:178)
at org.apache.maven.surefire.testng.TestNGXmlTestSuite.execute(TestNGXmlTestSuite.java:92)
at org.apache.maven.surefire.testng.TestNGProvider.invoke(TestNGProvider.java:96)
at sun.reflect.NativeMethodAccessorImpl.invoke0(Native Method)
at sun.reflect.NativeMethodAccessorImpl.invoke(NativeMethodAccessorImpl.java:62)
at sun.reflect.DelegatingMethodAccessorImpl.invoke(DelegatingMethodAccessorImpl.java:43)
at java.lang.reflect.Method.invoke(Method.java:498)
at org.apache.maven.surefire.util.ReflectionUtils.invokeMethodWithArray2(ReflectionUtils.java:208)
at org.apache.maven.surefire.booter.ProviderFactory$ProviderProxy.invoke(ProviderFactory.java:159)
at org.apache.maven.surefire.booter.ProviderFactory.invokeProvider(ProviderFactory.java:87)
at org.apache.maven.surefire.booter.ForkedBooter.runSuitesInProcess(ForkedBooter.java:153)
at org.apache.maven.surefire.booter.ForkedBooter.main(ForkedBooter.java:95)
]]>
    </error>
  </testcase> <!-- executeAPI -->
  <testcase name="validateAMCNIDForShortFilm" time="0.000" classname="com.amc.testclasses.RLTestCasesForShortFilm">
    <skipped/>
  </testcase> <!-- validateAMCNIDForShortFilm -->
  <testcase name="validateFirstNameOfCastMemberForShortFilm" time="0.000" classname="com.amc.testclasses.RLTestCasesForShortFilm">
    <skipped/>
  </testcase> <!-- validateFirstNameOfCastMemberForShortFilm -->
  <testcase name="validateReleaseYearForShortFilm" time="0.000" classname="com.amc.testclasses.RLTestCasesForShortFilm">
    <skipped/>
  </testcase> <!-- validateReleaseYearForShortFilm -->
  <testcase name="validateAlternativeTitleForLegalForShortFilm" time="0.000" classname="com.amc.testclasses.RLTestCasesForShortFilm">
    <skipped/>
  </testcase> <!-- validateAlternativeTitleForLegalForShortFilm -->
  <testcase name="validateTitleTypeForShortFilm" time="0.000" classname="com.amc.testclasses.RLTestCasesForShortFilm">
    <skipped/>
  </testcase> <!-- validateTitleTypeForShortFilm -->
</testsuite> <!-- com.amc.testclasses.RLTestCasesForShortFilm -->
