<?xml version="1.0" encoding="UTF-8"?>
<!-- Generated by org.testng.reporters.JUnitReportReporter -->
<testsuite skipped="0" hostname="MONO-HYD-LAP-41" name="com.amc.testclasses.RLAssetCreation" tests="1" failures="0" timestamp="16 May 2019 09:00:54 GMT" time="840.916" errors="0">
  <testcase name="createDifferentRLAssetsForRegression" time="840.916" classname="com.amc.testclasses.RLAssetCreation"/>
</testsuite> <!-- com.amc.testclasses.RLAssetCreation -->
