<?xml version="1.0" encoding="UTF-8"?>
<!-- Generated by org.testng.reporters.JUnitReportReporter -->
<testsuite skipped="0" hostname="MONO-HYD-LAP-44" name="com.amc.testclasses.RLTestCasesForShortFilm" tests="16" failures="0" timestamp="09 May 2019 11:20:04 GMT" time="0.433" errors="0">
  <testcase name="validateReleaseYearForShortFilm" time="0.026" classname="com.amc.testclasses.RLTestCasesForShortFilm"/>
  <testcase name="validateTRTForShortFilm" time="0.026" classname="com.amc.testclasses.RLTestCasesForShortFilm"/>
  <testcase name="validateProductionCompanyForShortFilm" time="0.023" classname="com.amc.testclasses.RLTestCasesForShortFilm"/>
  <testcase name="validateAssetSourceForShortFilm" time="0.010" classname="com.amc.testclasses.RLTestCasesForShortFilm"/>
  <testcase name="validateAlternativeTitleForLegalForShortFilm" time="0.024" classname="com.amc.testclasses.RLTestCasesForShortFilm"/>
  <testcase name="validateCastTypeForShortFilm" time="0.022" classname="com.amc.testclasses.RLTestCasesForShortFilm"/>
  <testcase name="validateOriginForShortFilm" time="0.044" classname="com.amc.testclasses.RLTestCasesForShortFilm"/>
  <testcase name="validateFirstNameOfCastMemberForShortFilm" time="0.026" classname="com.amc.testclasses.RLTestCasesForShortFilm"/>
  <testcase name="validateProductionModeForShortFilm" time="0.025" classname="com.amc.testclasses.RLTestCasesForShortFilm"/>
  <testcase name="validateAssetTitleForShortFilm" time="0.038" classname="com.amc.testclasses.RLTestCasesForShortFilm"/>
  <testcase name="validateTitleTypeForShortFilm" time="0.024" classname="com.amc.testclasses.RLTestCasesForShortFilm"/>
  <testcase name="validateAlternativeTitleTypeForLegalTypeForShortFilm" time="0.024" classname="com.amc.testclasses.RLTestCasesForShortFilm"/>
  <testcase name="validateAMCNIDForShortFilm" time="0.023" classname="com.amc.testclasses.RLTestCasesForShortFilm"/>
  <testcase name="validateAlternativeTitleTypeForAKAForShortFilm" time="0.024" classname="com.amc.testclasses.RLTestCasesForShortFilm"/>
  <testcase name="validateAssetShowTypeForShortFilm" time="0.033" classname="com.amc.testclasses.RLTestCasesForShortFilm"/>
  <testcase name="validateAlternativeTitleForAKAForShortFilm" time="0.041" classname="com.amc.testclasses.RLTestCasesForShortFilm"/>
</testsuite> <!-- com.amc.testclasses.RLTestCasesForShortFilm -->
