<?xml version="1.0" encoding="UTF-8"?>
<!-- Generated by org.testng.reporters.JUnitReportReporter -->
<testsuite skipped="0" hostname="MONO-HYD-LAP-44" name="com.amc.testclasses.RLTestCasesForFeatureLength" tests="16" failures="0" timestamp="09 May 2019 11:20:04 GMT" time="0.422" errors="0">
  <testcase name="validateAMCNIDForFeatureLength" time="0.021" classname="com.amc.testclasses.RLTestCasesForFeatureLength"/>
  <testcase name="validateAlternativeTitleForLegalForFeatureLength" time="0.039" classname="com.amc.testclasses.RLTestCasesForFeatureLength"/>
  <testcase name="validateTRTForFeatureLength" time="0.025" classname="com.amc.testclasses.RLTestCasesForFeatureLength"/>
  <testcase name="validateOriginForFeatureLength" time="0.025" classname="com.amc.testclasses.RLTestCasesForFeatureLength"/>
  <testcase name="validateCastTypeForFeatureLength" time="0.029" classname="com.amc.testclasses.RLTestCasesForFeatureLength"/>
  <testcase name="validateReleaseYearForFeatureLength" time="0.025" classname="com.amc.testclasses.RLTestCasesForFeatureLength"/>
  <testcase name="validateAssetSourceForFeatureLength" time="0.021" classname="com.amc.testclasses.RLTestCasesForFeatureLength"/>
  <testcase name="validateFirstNameOfCastMemberForFeatureLength" time="0.025" classname="com.amc.testclasses.RLTestCasesForFeatureLength"/>
  <testcase name="validateTitleTypeForFeatureLength" time="0.024" classname="com.amc.testclasses.RLTestCasesForFeatureLength"/>
  <testcase name="validateProductionModeForFeatureLength" time="0.026" classname="com.amc.testclasses.RLTestCasesForFeatureLength"/>
  <testcase name="validateAlternativeTitleTypeForAKAForFeatureLength" time="0.025" classname="com.amc.testclasses.RLTestCasesForFeatureLength"/>
  <testcase name="validateAssetTitleForFeatureLength" time="0.022" classname="com.amc.testclasses.RLTestCasesForFeatureLength"/>
  <testcase name="validateAlternativeTitleForAKAForFeatureLength" time="0.024" classname="com.amc.testclasses.RLTestCasesForFeatureLength"/>
  <testcase name="validateAlternativeTitleTypeForLegalTypeForFeatureLength" time="0.034" classname="com.amc.testclasses.RLTestCasesForFeatureLength"/>
  <testcase name="validateAssetShowTypeForFeatureLength" time="0.031" classname="com.amc.testclasses.RLTestCasesForFeatureLength"/>
  <testcase name="validateProductionCompanyForFeatureLength" time="0.026" classname="com.amc.testclasses.RLTestCasesForFeatureLength"/>
</testsuite> <!-- com.amc.testclasses.RLTestCasesForFeatureLength -->
