<?xml version="1.0" encoding="UTF-8"?>
<!-- Generated by org.testng.reporters.JUnitReportReporter -->
<testsuite skipped="0" hostname="MONO-HYD-LAP-44" name="com.amc.testclasses.RLAssetCreation" tests="1" failures="0" timestamp="09 May 2019 11:20:04 GMT" time="888.057" errors="0">
  <testcase name="createDifferentRLAssetsForRegression" time="888.057" classname="com.amc.testclasses.RLAssetCreation"/>
</testsuite> <!-- com.amc.testclasses.RLAssetCreation -->
