<?xml version="1.0" encoding="UTF-8"?>
<!-- Generated by org.testng.reporters.JUnitReportReporter -->
<testsuite skipped="0" hostname="MONO-HYD-LAP-44" name="com.amc.testclasses.RLTestCasesForMusicPerformance" tests="16" failures="0" timestamp="09 May 2019 11:20:04 GMT" time="0.411" errors="0">
  <testcase name="validateProductionCompanyForMusicPerformance" time="0.025" classname="com.amc.testclasses.RLTestCasesForMusicPerformance"/>
  <testcase name="validateReleaseYearForMusicPerformance" time="0.024" classname="com.amc.testclasses.RLTestCasesForMusicPerformance"/>
  <testcase name="validateFirstNameOfCastMemberForMusicPerformance" time="0.025" classname="com.amc.testclasses.RLTestCasesForMusicPerformance"/>
  <testcase name="validateAlternativeTitleForAKAForMusicPerformance" time="0.025" classname="com.amc.testclasses.RLTestCasesForMusicPerformance"/>
  <testcase name="validateAssetShowTypeForMusicPerformance" time="0.026" classname="com.amc.testclasses.RLTestCasesForMusicPerformance"/>
  <testcase name="validateTitleTypeForMusicPerformance" time="0.034" classname="com.amc.testclasses.RLTestCasesForMusicPerformance"/>
  <testcase name="validateAlternativeTitleForLegalForMusicPerformance" time="0.025" classname="com.amc.testclasses.RLTestCasesForMusicPerformance"/>
  <testcase name="validateTRTForMusicPerformance" time="0.026" classname="com.amc.testclasses.RLTestCasesForMusicPerformance"/>
  <testcase name="validateAlternativeTitleTypeForLegalTypeForMusicPerformance" time="0.026" classname="com.amc.testclasses.RLTestCasesForMusicPerformance"/>
  <testcase name="validateAssetTitleForMusicPerformance" time="0.027" classname="com.amc.testclasses.RLTestCasesForMusicPerformance"/>
  <testcase name="validateAMCNIDForMusicPerformance" time="0.023" classname="com.amc.testclasses.RLTestCasesForMusicPerformance"/>
  <testcase name="validateProductionModeForMusicPerformance" time="0.025" classname="com.amc.testclasses.RLTestCasesForMusicPerformance"/>
  <testcase name="validateCastTypeForMusicPerformance" time="0.023" classname="com.amc.testclasses.RLTestCasesForMusicPerformance"/>
  <testcase name="validateAssetSourceForMusicPerformance" time="0.026" classname="com.amc.testclasses.RLTestCasesForMusicPerformance"/>
  <testcase name="validateAlternativeTitleTypeForAKAForMusicPerformance" time="0.025" classname="com.amc.testclasses.RLTestCasesForMusicPerformance"/>
  <testcase name="validateOriginForMusicPerformance" time="0.026" classname="com.amc.testclasses.RLTestCasesForMusicPerformance"/>
</testsuite> <!-- com.amc.testclasses.RLTestCasesForMusicPerformance -->
