<?xml version="1.0" encoding="UTF-8"?>
<!-- Generated by org.testng.reporters.JUnitReportReporter -->
<testsuite skipped="0" hostname="MONO-HYD-LAP-44" name="com.amc.testclasses.RLTestCases" tests="15" failures="0" timestamp="26 Mar 2019 12:30:12 GMT" time="0.572" errors="0">
  <testcase name="validateAssetSource" time="0.035" classname="com.amc.testclasses.RLTestCases"/>
  <testcase name="validateAlternativeTitleForLegal" time="0.041" classname="com.amc.testclasses.RLTestCases"/>
  <testcase name="validateOrigin" time="0.038" classname="com.amc.testclasses.RLTestCases"/>
  <testcase name="validateAssetShowType" time="0.040" classname="com.amc.testclasses.RLTestCases"/>
  <testcase name="validateAlternativeTitleTypeForAKA" time="0.037" classname="com.amc.testclasses.RLTestCases"/>
  <testcase name="validateTitleType" time="0.037" classname="com.amc.testclasses.RLTestCases"/>
  <testcase name="validateAlternativeTitleTypeForLegalType" time="0.038" classname="com.amc.testclasses.RLTestCases"/>
  <testcase name="validateAssetTitle" time="0.039" classname="com.amc.testclasses.RLTestCases"/>
  <testcase name="validateFirstNameOfCastMember" time="0.033" classname="com.amc.testclasses.RLTestCases"/>
  <testcase name="validateAMCNID" time="0.063" classname="com.amc.testclasses.RLTestCases"/>
  <testcase name="validateTotalNumberOfEpisodes" time="0.032" classname="com.amc.testclasses.RLTestCases"/>
  <testcase name="validateAlternativeTitleForAKA" time="0.034" classname="com.amc.testclasses.RLTestCases"/>
  <testcase name="validateCastType" time="0.039" classname="com.amc.testclasses.RLTestCases"/>
  <testcase name="validateOwnerNetwork" time="0.036" classname="com.amc.testclasses.RLTestCases"/>
  <testcase name="validateProductionMode" time="0.030" classname="com.amc.testclasses.RLTestCases"/>
</testsuite> <!-- com.amc.testclasses.RLTestCases -->
