<?xml version="1.0" encoding="UTF-8"?>
<!-- Generated by org.testng.reporters.JUnitReportReporter -->
<testsuite skipped="0" hostname="MONO-HYD-LAP-44" name="com.amc.testclasses.RLTestCasesForMadeForTV" tests="16" failures="0" timestamp="09 May 2019 11:20:04 GMT" time="0.418" errors="0">
  <testcase name="validateAssetShowTypeForMadeForTV" time="0.025" classname="com.amc.testclasses.RLTestCasesForMadeForTV"/>
  <testcase name="validateOriginForMadeForTV" time="0.025" classname="com.amc.testclasses.RLTestCasesForMadeForTV"/>
  <testcase name="validateAlternativeTitleForLegalForMadeForTV" time="0.024" classname="com.amc.testclasses.RLTestCasesForMadeForTV"/>
  <testcase name="validateCastTypeForMadeForTV" time="0.037" classname="com.amc.testclasses.RLTestCasesForMadeForTV"/>
  <testcase name="validateTitleTypeForMadeForTV" time="0.029" classname="com.amc.testclasses.RLTestCasesForMadeForTV"/>
  <testcase name="validateFirstNameOfCastMemberForMadeForTV" time="0.024" classname="com.amc.testclasses.RLTestCasesForMadeForTV"/>
  <testcase name="validateAlternativeTitleForAKAForMadeForTV" time="0.012" classname="com.amc.testclasses.RLTestCasesForMadeForTV"/>
  <testcase name="validateAssetSourceForMadeForTV" time="0.026" classname="com.amc.testclasses.RLTestCasesForMadeForTV"/>
  <testcase name="validateReleaseYearForMadeForTV" time="0.025" classname="com.amc.testclasses.RLTestCasesForMadeForTV"/>
  <testcase name="validateAlternativeTitleTypeForAKAForMadeForTV" time="0.026" classname="com.amc.testclasses.RLTestCasesForMadeForTV"/>
  <testcase name="validateAlternativeTitleTypeForLegalTypeForMadeForTV" time="0.025" classname="com.amc.testclasses.RLTestCasesForMadeForTV"/>
  <testcase name="validateProductionModeForMadeForTV" time="0.027" classname="com.amc.testclasses.RLTestCasesForMadeForTV"/>
  <testcase name="validateAMCNIDForMadeForTV" time="0.020" classname="com.amc.testclasses.RLTestCasesForMadeForTV"/>
  <testcase name="validateProductionCompanyForMadeForTV" time="0.026" classname="com.amc.testclasses.RLTestCasesForMadeForTV"/>
  <testcase name="validateAssetTitleForMadeForTV" time="0.041" classname="com.amc.testclasses.RLTestCasesForMadeForTV"/>
  <testcase name="validateTRTForMadeForTV" time="0.026" classname="com.amc.testclasses.RLTestCasesForMadeForTV"/>
</testsuite> <!-- com.amc.testclasses.RLTestCasesForMadeForTV -->
