<?xml version="1.0" encoding="UTF-8"?>
<!-- Generated by org.testng.reporters.JUnitReportReporter -->
<testsuite skipped="0" hostname="MONO-HYD-LAP-44" name="com.amc.testclasses.RLTestCasesForDemo" tests="16" failures="0" timestamp="09 May 2019 11:20:04 GMT" time="0.475" errors="0">
  <testcase name="validateProductionModeForDemo" time="0.026" classname="com.amc.testclasses.RLTestCasesForDemo"/>
  <testcase name="validateOriginForDemo" time="0.043" classname="com.amc.testclasses.RLTestCasesForDemo"/>
  <testcase name="validateAlternativeTitleForLegalForDemo" time="0.035" classname="com.amc.testclasses.RLTestCasesForDemo"/>
  <testcase name="validateAssetShowTypeForDemo" time="0.024" classname="com.amc.testclasses.RLTestCasesForDemo"/>
  <testcase name="validateAssetTitleForDemo" time="0.027" classname="com.amc.testclasses.RLTestCasesForDemo"/>
  <testcase name="validateReleaseYearForDemo" time="0.026" classname="com.amc.testclasses.RLTestCasesForDemo"/>
  <testcase name="validateAlternativeTitleTypeForLegalTypeForDemo" time="0.026" classname="com.amc.testclasses.RLTestCasesForDemo"/>
  <testcase name="validateAssetSourceForDemo" time="0.031" classname="com.amc.testclasses.RLTestCasesForDemo"/>
  <testcase name="validateCastTypeForDemo" time="0.029" classname="com.amc.testclasses.RLTestCasesForDemo"/>
  <testcase name="validateProductionCompanyForDemo" time="0.030" classname="com.amc.testclasses.RLTestCasesForDemo"/>
  <testcase name="validateAMCNIDForDemo" time="0.028" classname="com.amc.testclasses.RLTestCasesForDemo"/>
  <testcase name="validateFirstNameOfCastMemberForDemo" time="0.027" classname="com.amc.testclasses.RLTestCasesForDemo"/>
  <testcase name="validateTRTForDemo" time="0.039" classname="com.amc.testclasses.RLTestCasesForDemo"/>
  <testcase name="validateAlternativeTitleTypeForAKAForDemo" time="0.020" classname="com.amc.testclasses.RLTestCasesForDemo"/>
  <testcase name="validateTitleTypeForDemo" time="0.039" classname="com.amc.testclasses.RLTestCasesForDemo"/>
  <testcase name="validateAlternativeTitleForAKAForDemo" time="0.025" classname="com.amc.testclasses.RLTestCasesForDemo"/>
</testsuite> <!-- com.amc.testclasses.RLTestCasesForDemo -->
