<?xml version="1.0" encoding="UTF-8"?>
<!-- Generated by org.testng.reporters.JUnitReportReporter -->
<testsuite skipped="0" hostname="MONO-HYD-LAP-44" name="com.amc.testclasses.SimpleTestCase" tests="1" failures="0" timestamp="12 Apr 2019 07:59:19 GMT" time="0.041" errors="0">
  <testcase name="printHello" time="0.041" classname="com.amc.testclasses.SimpleTestCase"/>
</testsuite> <!-- com.amc.testclasses.SimpleTestCase -->
