<?xml version="1.0" encoding="UTF-8"?>
<!-- Generated by org.testng.reporters.JUnitReportReporter -->
<testsuite skipped="0" hostname="MONO-HYD-LAP-44" name="com.amc.testclasses.RLTestCasesForSpecial" tests="16" failures="0" timestamp="09 May 2019 11:20:04 GMT" time="0.494" errors="0">
  <testcase name="validateFirstNameOfCastMemberForSpecial" time="0.025" classname="com.amc.testclasses.RLTestCasesForSpecial"/>
  <testcase name="validateOriginForSpecial" time="0.027" classname="com.amc.testclasses.RLTestCasesForSpecial"/>
  <testcase name="validateProductionCompanyForSpecial" time="0.043" classname="com.amc.testclasses.RLTestCasesForSpecial"/>
  <testcase name="validateAlternativeTitleTypeForAKAForSpecial" time="0.025" classname="com.amc.testclasses.RLTestCasesForSpecial"/>
  <testcase name="validateProductionModeForSpecial" time="0.028" classname="com.amc.testclasses.RLTestCasesForSpecial"/>
  <testcase name="validateReleaseYearForSpecial" time="0.026" classname="com.amc.testclasses.RLTestCasesForSpecial"/>
  <testcase name="validateTitleTypeForSpecial" time="0.033" classname="com.amc.testclasses.RLTestCasesForSpecial"/>
  <testcase name="validateAssetSourceForSpecial" time="0.035" classname="com.amc.testclasses.RLTestCasesForSpecial"/>
  <testcase name="validateTRTForSpecial" time="0.026" classname="com.amc.testclasses.RLTestCasesForSpecial"/>
  <testcase name="validateAlternativeTitleForLegalForSpecial" time="0.027" classname="com.amc.testclasses.RLTestCasesForSpecial"/>
  <testcase name="validateAMCNIDForSpecial" time="0.034" classname="com.amc.testclasses.RLTestCasesForSpecial"/>
  <testcase name="validateAlternativeTitleTypeForLegalTypeForSpecial" time="0.052" classname="com.amc.testclasses.RLTestCasesForSpecial"/>
  <testcase name="validateAssetTitleForSpecial" time="0.026" classname="com.amc.testclasses.RLTestCasesForSpecial"/>
  <testcase name="validateAlternativeTitleForAKAForSpecial" time="0.026" classname="com.amc.testclasses.RLTestCasesForSpecial"/>
  <testcase name="validateCastTypeForSpecial" time="0.025" classname="com.amc.testclasses.RLTestCasesForSpecial"/>
  <testcase name="validateAssetShowTypeForSpecial" time="0.036" classname="com.amc.testclasses.RLTestCasesForSpecial"/>
</testsuite> <!-- com.amc.testclasses.RLTestCasesForSpecial -->
