<?xml version="1.0" encoding="UTF-8"?>
<!-- Generated by org.testng.reporters.JUnitReportReporter -->
<testsuite skipped="0" hostname="MONO-HYD-LAP-41" name="com.amc.testclasses.RLAssetCreation" tests="1" failures="0" timestamp="16 May 2019 10:19:43 GMT" time="974.851" errors="0">
  <testcase name="createDifferentRLAssetsForRegression" time="974.851" classname="com.amc.testclasses.RLAssetCreation"/>
</testsuite> <!-- com.amc.testclasses.RLAssetCreation -->
