<?xml version="1.0" encoding="UTF-8"?>
<!-- Generated by org.testng.reporters.JUnitReportReporter -->
<testsuite skipped="0" hostname="MONO-HYD-LAP-44" name="com.amc.testclasses.RLTestCasesForSeries" tests="15" failures="0" timestamp="09 May 2019 11:20:04 GMT" time="0.488" errors="0">
  <testcase name="validateAlternativeTitleForAKA" time="0.029" classname="com.amc.testclasses.RLTestCasesForSeries"/>
  <testcase name="validateFirstNameOfCastMember" time="0.028" classname="com.amc.testclasses.RLTestCasesForSeries"/>
  <testcase name="validateAssetTitle" time="0.039" classname="com.amc.testclasses.RLTestCasesForSeries"/>
  <testcase name="validateProductionMode" time="0.031" classname="com.amc.testclasses.RLTestCasesForSeries"/>
  <testcase name="validateTotalNumberOfEpisodes" time="0.031" classname="com.amc.testclasses.RLTestCasesForSeries"/>
  <testcase name="validateAlternativeTitleTypeForLegalType" time="0.029" classname="com.amc.testclasses.RLTestCasesForSeries"/>
  <testcase name="validateOwnerNetwork" time="0.029" classname="com.amc.testclasses.RLTestCasesForSeries"/>
  <testcase name="validateAssetSource" time="0.032" classname="com.amc.testclasses.RLTestCasesForSeries"/>
  <testcase name="validateAlternativeTitleForLegal" time="0.031" classname="com.amc.testclasses.RLTestCasesForSeries"/>
  <testcase name="validateAssetShowType" time="0.035" classname="com.amc.testclasses.RLTestCasesForSeries"/>
  <testcase name="validateAlternativeTitleTypeForAKA" time="0.028" classname="com.amc.testclasses.RLTestCasesForSeries"/>
  <testcase name="validateOrigin" time="0.031" classname="com.amc.testclasses.RLTestCasesForSeries"/>
  <testcase name="validateTitleType" time="0.032" classname="com.amc.testclasses.RLTestCasesForSeries"/>
  <testcase name="validateCastType" time="0.043" classname="com.amc.testclasses.RLTestCasesForSeries"/>
  <testcase name="validateAMCNID" time="0.040" classname="com.amc.testclasses.RLTestCasesForSeries"/>
</testsuite> <!-- com.amc.testclasses.RLTestCasesForSeries -->
