<?xml version="1.0" encoding="UTF-8"?>
<!-- Generated by org.testng.reporters.JUnitReportReporter -->
<testsuite skipped="0" hostname="MONO-HYD-LAP-44" name="com.amc.testclasses.RLTestCasesForOneOff" tests="16" failures="0" timestamp="09 May 2019 11:20:04 GMT" time="0.509" errors="0">
  <testcase name="validateOriginForOneOff" time="0.028" classname="com.amc.testclasses.RLTestCasesForOneOff"/>
  <testcase name="validateAMCNIDForOneOff" time="0.029" classname="com.amc.testclasses.RLTestCasesForOneOff"/>
  <testcase name="validateAlternativeTitleTypeForAKAForOneOff" time="0.033" classname="com.amc.testclasses.RLTestCasesForOneOff"/>
  <testcase name="validateAlternativeTitleForLegalForOneOff" time="0.033" classname="com.amc.testclasses.RLTestCasesForOneOff"/>
  <testcase name="validateTitleTypeForOneOff" time="0.028" classname="com.amc.testclasses.RLTestCasesForOneOff"/>
  <testcase name="validateAssetShowTypeForOneOff" time="0.027" classname="com.amc.testclasses.RLTestCasesForOneOff"/>
  <testcase name="validateFirstNameOfCastMemberForOneOff" time="0.028" classname="com.amc.testclasses.RLTestCasesForOneOff"/>
  <testcase name="validateAssetSourceForOneOff" time="0.029" classname="com.amc.testclasses.RLTestCasesForOneOff"/>
  <testcase name="validateAlternativeTitleTypeForLegalTypeForOneOff" time="0.039" classname="com.amc.testclasses.RLTestCasesForOneOff"/>
  <testcase name="validateAssetTitleForOneOff" time="0.039" classname="com.amc.testclasses.RLTestCasesForOneOff"/>
  <testcase name="validateAlternativeTitleForAKAForOneOff" time="0.044" classname="com.amc.testclasses.RLTestCasesForOneOff"/>
  <testcase name="validateTRTForOneOff" time="0.027" classname="com.amc.testclasses.RLTestCasesForOneOff"/>
  <testcase name="validateProductionModeForOneOff" time="0.028" classname="com.amc.testclasses.RLTestCasesForOneOff"/>
  <testcase name="validateCastTypeForOneOff" time="0.027" classname="com.amc.testclasses.RLTestCasesForOneOff"/>
  <testcase name="validateReleaseYearForOneOff" time="0.028" classname="com.amc.testclasses.RLTestCasesForOneOff"/>
  <testcase name="validateProductionCompanyForOneOff" time="0.042" classname="com.amc.testclasses.RLTestCasesForOneOff"/>
</testsuite> <!-- com.amc.testclasses.RLTestCasesForOneOff -->
