<?xml version="1.0" encoding="UTF-8"?>
<!-- Generated by org.testng.reporters.JUnitReportReporter -->
<testsuite skipped="0" hostname="MONO-HYD-LAP-44" name="com.amc.testclasses.RLTestCasesForDocumentary" tests="16" failures="0" timestamp="09 May 2019 11:20:04 GMT" time="0.505" errors="0">
  <testcase name="validateAMCNIDForDocumentary" time="0.026" classname="com.amc.testclasses.RLTestCasesForDocumentary"/>
  <testcase name="validateProductionCompanyForDocumentary" time="0.030" classname="com.amc.testclasses.RLTestCasesForDocumentary"/>
  <testcase name="validateReleaseYearForDocumentary" time="0.035" classname="com.amc.testclasses.RLTestCasesForDocumentary"/>
  <testcase name="validateAssetShowTypeForDocumentary" time="0.026" classname="com.amc.testclasses.RLTestCasesForDocumentary"/>
  <testcase name="validateAlternativeTitleTypeForAKAForDocumentary" time="0.008" classname="com.amc.testclasses.RLTestCasesForDocumentary"/>
  <testcase name="validateFirstNameOfCastMemberForDocumentary" time="0.032" classname="com.amc.testclasses.RLTestCasesForDocumentary"/>
  <testcase name="validateOriginForDocumentary" time="0.025" classname="com.amc.testclasses.RLTestCasesForDocumentary"/>
  <testcase name="validateAssetSourceForDocumentary" time="0.042" classname="com.amc.testclasses.RLTestCasesForDocumentary"/>
  <testcase name="validateProductionModeForDocumentary" time="0.027" classname="com.amc.testclasses.RLTestCasesForDocumentary"/>
  <testcase name="validateTitleTypeForDocumentary" time="0.028" classname="com.amc.testclasses.RLTestCasesForDocumentary"/>
  <testcase name="validateAlternativeTitleTypeForLegalTypeForDocumentary" time="0.024" classname="com.amc.testclasses.RLTestCasesForDocumentary"/>
  <testcase name="validateCastTypeForDocumentary" time="0.051" classname="com.amc.testclasses.RLTestCasesForDocumentary"/>
  <testcase name="validateAlternativeTitleForAKAForDocumentary" time="0.049" classname="com.amc.testclasses.RLTestCasesForDocumentary"/>
  <testcase name="validateAssetTitleForDocumentary" time="0.034" classname="com.amc.testclasses.RLTestCasesForDocumentary"/>
  <testcase name="validateAlternativeTitleForLegalForDocumentary" time="0.038" classname="com.amc.testclasses.RLTestCasesForDocumentary"/>
  <testcase name="validateTRTForDocumentary" time="0.030" classname="com.amc.testclasses.RLTestCasesForDocumentary"/>
</testsuite> <!-- com.amc.testclasses.RLTestCasesForDocumentary -->
