<?xml version="1.0" encoding="UTF-8"?>
<!-- Generated by org.testng.reporters.JUnitReportReporter -->
<testsuite skipped="0" hostname="MONO-HYD-LAP-44" name="com.amc.testclasses.RLTestCasesForPilot" tests="16" failures="0" timestamp="09 May 2019 11:20:04 GMT" time="0.427" errors="0">
  <testcase name="validateFirstNameOfCastMemberForPilot" time="0.027" classname="com.amc.testclasses.RLTestCasesForPilot"/>
  <testcase name="validateAssetSourceForPilot" time="0.025" classname="com.amc.testclasses.RLTestCasesForPilot"/>
  <testcase name="validateTRTForPilot" time="0.025" classname="com.amc.testclasses.RLTestCasesForPilot"/>
  <testcase name="validateAlternativeTitleTypeForLegalTypeForPilot" time="0.026" classname="com.amc.testclasses.RLTestCasesForPilot"/>
  <testcase name="validateAssetShowTypeForPilot" time="0.040" classname="com.amc.testclasses.RLTestCasesForPilot"/>
  <testcase name="validateAlternativeTitleForAKAForPilot" time="0.025" classname="com.amc.testclasses.RLTestCasesForPilot"/>
  <testcase name="validateProductionCompanyForPilot" time="0.025" classname="com.amc.testclasses.RLTestCasesForPilot"/>
  <testcase name="validateAlternativeTitleForLegalForPilot" time="0.022" classname="com.amc.testclasses.RLTestCasesForPilot"/>
  <testcase name="validateAssetTitleForPilot" time="0.026" classname="com.amc.testclasses.RLTestCasesForPilot"/>
  <testcase name="validateAMCNIDForPilot" time="0.021" classname="com.amc.testclasses.RLTestCasesForPilot"/>
  <testcase name="validateTitleTypeForPilot" time="0.022" classname="com.amc.testclasses.RLTestCasesForPilot"/>
  <testcase name="validateProductionModeForPilot" time="0.026" classname="com.amc.testclasses.RLTestCasesForPilot"/>
  <testcase name="validateCastTypeForPilot" time="0.026" classname="com.amc.testclasses.RLTestCasesForPilot"/>
  <testcase name="validateOriginForPilot" time="0.039" classname="com.amc.testclasses.RLTestCasesForPilot"/>
  <testcase name="validateReleaseYearForPilot" time="0.029" classname="com.amc.testclasses.RLTestCasesForPilot"/>
  <testcase name="validateAlternativeTitleTypeForAKAForPilot" time="0.023" classname="com.amc.testclasses.RLTestCasesForPilot"/>
</testsuite> <!-- com.amc.testclasses.RLTestCasesForPilot -->
